Hubbub_AS/app/build/outputs/logs/manifest-merger-debug-report.txt
-- Merging decision tree log ---
manifest
ADDED from AndroidManifest.xml:2:1
	xmlns:android
		ADDED from AndroidManifest.xml:2:11
	package
		ADDED from AndroidManifest.xml:3:5
		INJECTED from AndroidManifest.xml:0:0
		INJECTED from AndroidManifest.xml:0:0
	android:versionName
		ADDED from AndroidManifest.xml:5:5
	android:versionCode
		ADDED from AndroidManifest.xml:4:5
		INJECTED from AndroidManifest.xml:0:0
		INJECTED from AndroidManifest.xml:0:0
uses-sdk
ADDED from AndroidManifest.xml:7:5
MERGED from com.google.android.gms:play-services:7.0.0:18:5
MERGED from com.google.android.gms:play-services-ads:7.0.0:18:5
MERGED from com.google.android.gms:play-services-base:7.0.0:18:5
MERGED from com.google.android.gms:play-services-analytics:7.0.0:18:5
MERGED from com.google.android.gms:play-services-base:7.0.0:18:5
MERGED from com.google.android.gms:play-services-analytics:7.0.0:18:5
MERGED from com.google.android.gms:play-services-base:7.0.0:18:5
MERGED from com.google.android.gms:play-services-appindexing:7.0.0:18:5
MERGED from com.google.android.gms:play-services-base:7.0.0:18:5
MERGED from com.google.android.gms:play-services-appstate:7.0.0:18:5
MERGED from com.google.android.gms:play-services-base:7.0.0:18:5
MERGED from com.google.android.gms:play-services-base:7.0.0:18:5
MERGED from com.google.android.gms:play-services-cast:7.0.0:18:5
MERGED from com.google.android.gms:play-services-base:7.0.0:18:5
MERGED from com.google.android.gms:play-services-drive:7.0.0:18:5
MERGED from com.google.android.gms:play-services-base:7.0.0:18:5
MERGED from com.google.android.gms:play-services-fitness:7.0.0:18:5
MERGED from com.google.android.gms:play-services-base:7.0.0:18:5
MERGED from com.google.android.gms:play-services-location:7.0.0:18:5
MERGED from com.google.android.gms:play-services-base:7.0.0:18:5
MERGED from com.google.android.gms:play-services-maps:7.0.0:18:5
MERGED from com.google.android.gms:play-services-base:7.0.0:18:5
MERGED from com.google.android.gms:play-services-games:7.0.0:18:5
MERGED from com.google.android.gms:play-services-base:7.0.0:18:5
MERGED from com.google.android.gms:play-services-drive:7.0.0:18:5
MERGED from com.google.android.gms:play-services-base:7.0.0:18:5
MERGED from com.google.android.gms:play-services-gcm:7.0.0:18:5
MERGED from com.google.android.gms:play-services-base:7.0.0:18:5
MERGED from com.google.android.gms:play-services-identity:7.0.0:18:5
MERGED from com.google.android.gms:play-services-base:7.0.0:18:5
MERGED from com.google.android.gms:play-services-location:7.0.0:18:5
MERGED from com.google.android.gms:play-services-base:7.0.0:18:5
MERGED from com.google.android.gms:play-services-maps:7.0.0:18:5
MERGED from com.google.android.gms:play-services-base:7.0.0:18:5
MERGED from com.google.android.gms:play-services-maps:7.0.0:18:5
MERGED from com.google.android.gms:play-services-base:7.0.0:18:5
MERGED from com.google.android.gms:play-services-nearby:7.0.0:18:5
MERGED from com.google.android.gms:play-services-base:7.0.0:18:5
MERGED from com.google.android.gms:play-services-panorama:7.0.0:18:5
MERGED from com.google.android.gms:play-services-base:7.0.0:18:5
MERGED from com.google.android.gms:play-services-plus:7.0.0:18:5
MERGED from com.google.android.gms:play-services-base:7.0.0:18:5
MERGED from com.google.android.gms:play-services-safetynet:7.0.0:18:5
MERGED from com.google.android.gms:play-services-base:7.0.0:18:5
MERGED from com.google.android.gms:play-services-wallet:7.0.0:18:5
MERGED from com.google.android.gms:play-services-base:7.0.0:18:5
MERGED from com.google.android.gms:play-services-identity:7.0.0:18:5
MERGED from com.google.android.gms:play-services-base:7.0.0:18:5
MERGED from com.google.android.gms:play-services-maps:7.0.0:18:5
MERGED from com.google.android.gms:play-services-base:7.0.0:18:5
MERGED from com.google.android.gms:play-services-wearable:7.0.0:18:5
MERGED from com.google.android.gms:play-services-base:7.0.0:18:5
	android:targetSdkVersion
		ADDED from AndroidManifest.xml:9:9
		INJECTED from AndroidManifest.xml:0:0
		INJECTED from AndroidManifest.xml:0:0
	android:minSdkVersion
		ADDED from AndroidManifest.xml:8:9
		INJECTED from AndroidManifest.xml:0:0
		INJECTED from AndroidManifest.xml:0:0
uses-permission#android.permission.INTERNET
ADDED from AndroidManifest.xml:11:5
	android:name
		ADDED from AndroidManifest.xml:11:22
uses-permission#android.permission.ACCESS_NETWORK_STATE
ADDED from AndroidManifest.xml:12:5
	android:name
		ADDED from AndroidManifest.xml:12:22
uses-permission#android.permission.RECEIVE_BOOT_COMPLETED
ADDED from AndroidManifest.xml:13:5
	android:name
		ADDED from AndroidManifest.xml:13:22
uses-permission#android.permission.WAKE_LOCK
ADDED from AndroidManifest.xml:18:5
	android:name
		ADDED from AndroidManifest.xml:18:22
uses-permission#android.permission.VIBRATE
ADDED from AndroidManifest.xml:19:5
	android:name
		ADDED from AndroidManifest.xml:19:22
uses-permission#android.permission.GET_ACCOUNTS
ADDED from AndroidManifest.xml:21:5
	android:name
		ADDED from AndroidManifest.xml:21:22
uses-permission#com.google.android.c2dm.permission.RECEIVE
ADDED from AndroidManifest.xml:22:5
	android:name
		ADDED from AndroidManifest.xml:22:22
permission#com.dingohub.hubbub.permission.C2D_MESSAGE
ADDED from AndroidManifest.xml:29:5
	android:protectionLevel
		ADDED from AndroidManifest.xml:31:9
	android:name
		ADDED from AndroidManifest.xml:30:9
uses-permission#com.dingohub.hubbub.permission.C2D_MESSAGE
ADDED from AndroidManifest.xml:33:5
	android:name
		ADDED from AndroidManifest.xml:33:22
uses-permission#android.permission.READ_EXTERNAL_STORAGE
ADDED from AndroidManifest.xml:34:5
	android:name
		ADDED from AndroidManifest.xml:34:22
uses-permission#android.permission.ACCESS_COARSE_LOCATION
ADDED from AndroidManifest.xml:35:5
	android:name
		ADDED from AndroidManifest.xml:35:22
uses-permission#android.permission.ACCESS_FINE_LOCATION
ADDED from AndroidManifest.xml:36:5
	android:name
		ADDED from AndroidManifest.xml:36:22
application
ADDED from AndroidManifest.xml:38:5
MERGED from com.google.android.gms:play-services:7.0.0:19:5
MERGED from com.google.android.gms:play-services-ads:7.0.0:19:5
MERGED from com.google.android.gms:play-services-base:7.0.0:20:5
MERGED from com.google.android.gms:play-services-analytics:7.0.0:19:5
MERGED from com.google.android.gms:play-services-base:7.0.0:20:5
MERGED from com.google.android.gms:play-services-analytics:7.0.0:19:5
MERGED from com.google.android.gms:play-services-base:7.0.0:20:5
MERGED from com.google.android.gms:play-services-appindexing:7.0.0:19:5
MERGED from com.google.android.gms:play-services-base:7.0.0:20:5
MERGED from com.google.android.gms:play-services-appstate:7.0.0:19:5
MERGED from com.google.android.gms:play-services-base:7.0.0:20:5
MERGED from com.google.android.gms:play-services-base:7.0.0:20:5
MERGED from com.google.android.gms:play-services-cast:7.0.0:19:5
MERGED from com.google.android.gms:play-services-base:7.0.0:20:5
MERGED from com.google.android.gms:play-services-drive:7.0.0:19:5
MERGED from com.google.android.gms:play-services-base:7.0.0:20:5
MERGED from com.google.android.gms:play-services-fitness:7.0.0:19:5
MERGED from com.google.android.gms:play-services-base:7.0.0:20:5
MERGED from com.google.android.gms:play-services-location:7.0.0:19:5
MERGED from com.google.android.gms:play-services-base:7.0.0:20:5
MERGED from com.google.android.gms:play-services-maps:7.0.0:19:5
MERGED from com.google.android.gms:play-services-base:7.0.0:20:5
MERGED from com.google.android.gms:play-services-games:7.0.0:19:5
MERGED from com.google.android.gms:play-services-base:7.0.0:20:5
MERGED from com.google.android.gms:play-services-drive:7.0.0:19:5
MERGED from com.google.android.gms:play-services-base:7.0.0:20:5
MERGED from com.google.android.gms:play-services-gcm:7.0.0:19:5
MERGED from com.google.android.gms:play-services-base:7.0.0:20:5
MERGED from com.google.android.gms:play-services-identity:7.0.0:19:5
MERGED from com.google.android.gms:play-services-base:7.0.0:20:5
MERGED from com.google.android.gms:play-services-location:7.0.0:19:5
MERGED from com.google.android.gms:play-services-base:7.0.0:20:5
MERGED from com.google.android.gms:play-services-maps:7.0.0:19:5
MERGED from com.google.android.gms:play-services-base:7.0.0:20:5
MERGED from com.google.android.gms:play-services-maps:7.0.0:19:5
MERGED from com.google.android.gms:play-services-base:7.0.0:20:5
MERGED from com.google.android.gms:play-services-nearby:7.0.0:19:5
MERGED from com.google.android.gms:play-services-base:7.0.0:20:5
MERGED from com.google.android.gms:play-services-panorama:7.0.0:19:5
MERGED from com.google.android.gms:play-services-base:7.0.0:20:5
MERGED from com.google.android.gms:play-services-plus:7.0.0:19:5
MERGED from com.google.android.gms:play-services-base:7.0.0:20:5
MERGED from com.google.android.gms:play-services-safetynet:7.0.0:19:5
MERGED from com.google.android.gms:play-services-base:7.0.0:20:5
MERGED from com.google.android.gms:play-services-wallet:7.0.0:19:5
MERGED from com.google.android.gms:play-services-base:7.0.0:20:5
MERGED from com.google.android.gms:play-services-identity:7.0.0:19:5
MERGED from com.google.android.gms:play-services-base:7.0.0:20:5
MERGED from com.google.android.gms:play-services-maps:7.0.0:19:5
MERGED from com.google.android.gms:play-services-base:7.0.0:20:5
MERGED from com.google.android.gms:play-services-wearable:7.0.0:19:5
MERGED from com.google.android.gms:play-services-base:7.0.0:20:5
	android:label
		ADDED from AndroidManifest.xml:42:9
	android:allowBackup
		ADDED from AndroidManifest.xml:40:9
	android:icon
		ADDED from AndroidManifest.xml:41:9
	android:theme
		ADDED from AndroidManifest.xml:43:9
	android:name
		ADDED from AndroidManifest.xml:39:9
meta-data#com.google.android.gms.version
ADDED from AndroidManifest.xml:45:10
MERGED from com.google.android.gms:play-services-base:7.0.0:21:9
MERGED from com.google.android.gms:play-services-base:7.0.0:21:9
MERGED from com.google.android.gms:play-services-base:7.0.0:21:9
MERGED from com.google.android.gms:play-services-base:7.0.0:21:9
MERGED from com.google.android.gms:play-services-base:7.0.0:21:9
MERGED from com.google.android.gms:play-services-base:7.0.0:21:9
MERGED from com.google.android.gms:play-services-base:7.0.0:21:9
MERGED from com.google.android.gms:play-services-base:7.0.0:21:9
MERGED from com.google.android.gms:play-services-base:7.0.0:21:9
MERGED from com.google.android.gms:play-services-base:7.0.0:21:9
MERGED from com.google.android.gms:play-services-base:7.0.0:21:9
MERGED from com.google.android.gms:play-services-base:7.0.0:21:9
MERGED from com.google.android.gms:play-services-base:7.0.0:21:9
MERGED from com.google.android.gms:play-services-base:7.0.0:21:9
MERGED from com.google.android.gms:play-services-base:7.0.0:21:9
MERGED from com.google.android.gms:play-services-base:7.0.0:21:9
MERGED from com.google.android.gms:play-services-base:7.0.0:21:9
MERGED from com.google.android.gms:play-services-base:7.0.0:21:9
MERGED from com.google.android.gms:play-services-base:7.0.0:21:9
MERGED from com.google.android.gms:play-services-base:7.0.0:21:9
MERGED from com.google.android.gms:play-services-base:7.0.0:21:9
MERGED from com.google.android.gms:play-services-base:7.0.0:21:9
MERGED from com.google.android.gms:play-services-base:7.0.0:21:9
MERGED from com.google.android.gms:play-services-base:7.0.0:21:9
MERGED from com.google.android.gms:play-services-base:7.0.0:21:9
MERGED from com.google.android.gms:play-services-base:7.0.0:21:9
	android:name
		ADDED from AndroidManifest.xml:45:21
	android:value
		ADDED from AndroidManifest.xml:46:13
activity#com.dingohub.MainActivites.LoginActivity
ADDED from AndroidManifest.xml:49:9
	android:windowSoftInputMode
		ADDED from AndroidManifest.xml:51:13
	android:label
		ADDED from AndroidManifest.xml:52:13
	android:name
		ADDED from AndroidManifest.xml:50:13
intent-filter#android.intent.action.MAIN+android.intent.category.LAUNCHER
ADDED from AndroidManifest.xml:53:13
action#android.intent.action.MAIN
ADDED from AndroidManifest.xml:54:17
	android:name
		ADDED from AndroidManifest.xml:54:25
category#android.intent.category.LAUNCHER
ADDED from AndroidManifest.xml:55:17
	android:name
		ADDED from AndroidManifest.xml:55:27
activity#com.dingohub.MainActivites.CreateEventsActivity
ADDED from AndroidManifest.xml:59:10
	android:windowSoftInputMode
		ADDED from AndroidManifest.xml:60:13
	android:name
		ADDED from AndroidManifest.xml:61:13
activity#com.dingohub.MainActivites.CreateUserActivity
ADDED from AndroidManifest.xml:64:9
	android:name
		ADDED from AndroidManifest.xml:64:19
activity#com.dingohub.MainActivites.SearchEventsActivity
ADDED from AndroidManifest.xml:65:9
	android:name
		ADDED from AndroidManifest.xml:65:19
activity#com.dingohub.hubbub.UserMainDisplay
ADDED from AndroidManifest.xml:66:9
	android:name
		ADDED from AndroidManifest.xml:66:19
activity#com.dingohub.MainActivites.ViewEventActivity
ADDED from AndroidManifest.xml:67:9
	android:name
		ADDED from AndroidManifest.xml:67:19
activity#com.dingohub.MainActivites.ShowDialogActivity
ADDED from AndroidManifest.xml:68:9
	android:theme
		ADDED from AndroidManifest.xml:68:80
	android:name
		ADDED from AndroidManifest.xml:68:19
service#com.parse.PushService
ADDED from AndroidManifest.xml:71:9
	android:name
		ADDED from AndroidManifest.xml:71:18
receiver#com.parse.ParseBroadcastReceiver
ADDED from AndroidManifest.xml:73:9
	android:name
		ADDED from AndroidManifest.xml:73:19
intent-filter#android.intent.action.BOOT_COMPLETED+android.intent.action.USER_PRESENT
ADDED from AndroidManifest.xml:74:13
action#android.intent.action.BOOT_COMPLETED
ADDED from AndroidManifest.xml:75:17
	android:name
		ADDED from AndroidManifest.xml:75:25
action#android.intent.action.USER_PRESENT
ADDED from AndroidManifest.xml:76:17
	android:name
		ADDED from AndroidManifest.xml:76:25
receiver#com.dingohub.tools.MyParseReceiver
ADDED from AndroidManifest.xml:80:9
	android:exported
		ADDED from AndroidManifest.xml:82:13
	android:name
		ADDED from AndroidManifest.xml:81:13
intent-filter#com.parse.push.intent.DELETE+com.parse.push.intent.OPEN+com.parse.push.intent.RECEIVE
ADDED from AndroidManifest.xml:84:13
action#com.parse.push.intent.RECEIVE
ADDED from AndroidManifest.xml:85:17
	android:name
		ADDED from AndroidManifest.xml:85:25
action#com.parse.push.intent.DELETE
ADDED from AndroidManifest.xml:86:17
	android:name
		ADDED from AndroidManifest.xml:86:25
action#com.parse.push.intent.OPEN
ADDED from AndroidManifest.xml:87:17
	android:name
		ADDED from AndroidManifest.xml:87:25
receiver#com.parse.GcmBroadcastReceiver
ADDED from AndroidManifest.xml:91:9
	android:permission
		ADDED from AndroidManifest.xml:93:13
	android:name
		ADDED from AndroidManifest.xml:92:13
intent-filter#com.dingohub.hubbub+com.google.android.c2dm.intent.RECEIVE+com.google.android.c2dm.intent.REGISTRATION
ADDED from AndroidManifest.xml:94:13
action#com.google.android.c2dm.intent.RECEIVE
ADDED from AndroidManifest.xml:95:17
	android:name
		ADDED from AndroidManifest.xml:95:25
action#com.google.android.c2dm.intent.REGISTRATION
ADDED from AndroidManifest.xml:96:17
	android:name
		ADDED from AndroidManifest.xml:96:25
category#com.dingohub.hubbub
ADDED from AndroidManifest.xml:98:17
	android:name
		ADDED from AndroidManifest.xml:98:27
receiver#com.dingohub.tools.AlarmReceiver
ADDED from AndroidManifest.xml:102:9
	android:name
		ADDED from AndroidManifest.xml:102:19